Using pre-set license
Built from '6000.0/release' branch; Version is '6000.0.29f1 (9fafe5c9db65) revision 10465253'; Using compiler version '193933523'; Build Type 'Release'
OS: 'Windows 10  (10.0.19045) 64bit Core' Language: 'en' Physical Memory: 16205 MB
BatchMode: 1, IsHumanControllingUs: 0, StartBugReporterOnCrash: 0, Is64bit: 1, IsPro: 1

COMMAND LINE ARGUMENTS:
C:\Program Files\Unity\Hub\Editor\6000.0.29f1\Editor\Unity.exe
-adb2
-batchMode
-noUpm
-name
AssetImportWorker0
-projectPath
C:/Users/Chris/Documents/GitHub/COMP394Game/Last Stand Undead
-logFile
Logs/AssetImportWorker0.log
-srvPort
55790
-job-worker-count
5
-background-job-worker-count
8
-asset-garbage-collectors
1
Successfully changed project path to: C:/Users/Chris/Documents/GitHub/COMP394Game/Last Stand Undead
C:/Users/Chris/Documents/GitHub/COMP394Game/Last Stand Undead
[UnityMemory] Configuration Parameters - Can be set up in boot.config
    "memorysetup-bucket-allocator-granularity=16"
    "memorysetup-bucket-allocator-bucket-count=8"
    "memorysetup-bucket-allocator-block-size=33554432"
    "memorysetup-bucket-allocator-block-count=8"
    "memorysetup-main-allocator-block-size=16777216"
    "memorysetup-thread-allocator-block-size=16777216"
    "memorysetup-gfx-main-allocator-block-size=16777216"
    "memorysetup-gfx-thread-allocator-block-size=16777216"
    "memorysetup-cache-allocator-block-size=4194304"
    "memorysetup-typetree-allocator-block-size=2097152"
    "memorysetup-profiler-bucket-allocator-granularity=16"
    "memorysetup-profiler-bucket-allocator-bucket-count=8"
    "memorysetup-profiler-bucket-allocator-block-size=33554432"
    "memorysetup-profiler-bucket-allocator-block-count=8"
    "memorysetup-profiler-allocator-block-size=16777216"
    "memorysetup-profiler-editor-allocator-block-size=1048576"
    "memorysetup-temp-allocator-size-main=16777216"
    "memorysetup-job-temp-allocator-block-size=2097152"
    "memorysetup-job-temp-allocator-block-size-background=1048576"
    "memorysetup-job-temp-allocator-reduction-small-platforms=262144"
    "memorysetup-allocator-temp-initial-block-size-main=262144"
    "memorysetup-allocator-temp-initial-block-size-worker=262144"
    "memorysetup-temp-allocator-size-background-worker=32768"
    "memorysetup-temp-allocator-size-job-worker=262144"
    "memorysetup-temp-allocator-size-preload-manager=33554432"
    "memorysetup-temp-allocator-size-nav-mesh-worker=65536"
    "memorysetup-temp-allocator-size-audio-worker=65536"
    "memorysetup-temp-allocator-size-cloud-worker=32768"
    "memorysetup-temp-allocator-size-gi-baking-worker=262144"
    "memorysetup-temp-allocator-size-gi-baking-worker=262144"
    "memorysetup-temp-allocator-size-gi-baking-worker=262144"
    "memorysetup-temp-allocator-size-gi-baking-worker=262144"
    "memorysetup-temp-allocator-size-gi-baking-worker=262144"
    "memorysetup-temp-allocator-size-gfx=262144"
Player connection [28356]  Target information:

Player connection [28356]  * "[IP] 192.168.56.1 [Port] 0 [Flags] 2 [Guid] 640591564 [EditorId] 640591564 [Version] 1048832 [Id] WindowsEditor(7,MSI) [Debug] 1 [PackageName] WindowsEditor [ProjectName] Editor" 

Player connection [28356]  * "[IP] 192.168.176.1 [Port] 0 [Flags] 2 [Guid] 640591564 [EditorId] 640591564 [Version] 1048832 [Id] WindowsEditor(7,MSI) [Debug] 1 [PackageName] WindowsEditor [ProjectName] Editor" 

Player connection [28356]  * "[IP] 192.168.44.1 [Port] 0 [Flags] 2 [Guid] 640591564 [EditorId] 640591564 [Version] 1048832 [Id] WindowsEditor(7,MSI) [Debug] 1 [PackageName] WindowsEditor [ProjectName] Editor" 

Player connection [28356]  * "[IP] 192.168.2.20 [Port] 0 [Flags] 2 [Guid] 640591564 [EditorId] 640591564 [Version] 1048832 [Id] WindowsEditor(7,MSI) [Debug] 1 [PackageName] WindowsEditor [ProjectName] Editor" 

Player connection [28356] Host joined multi-casting on [225.0.0.222:54997]...
Player connection [28356] Host joined alternative multi-casting on [225.0.0.222:34997]...
JobSystem: Creating JobQueue using job-worker-count value 5
[Physics::Module] Initialized fallback backend.
[Physics::Module] Id: 0xdecafbad
Library Redirect Path: Library/
[Physics::Module] Selected backend.
[Physics::Module] Name: PhysX
[Physics::Module] Id: 0xf2b8ea05
[Physics::Module] SDK Version: 4.1.2
[Physics::Module] Integration Version: 1.0.0
[Physics::Module] Threading Mode: Multi-Threaded
Refreshing native plugins compatible for Editor in 1.63 ms, found 2 plugins.
Preloading 0 native plugins for Editor in 0.00 ms.
Initialize engine version: 6000.0.29f1 (9fafe5c9db65)
[Subsystems] Discovering subsystems at path C:/Program Files/Unity/Hub/Editor/6000.0.29f1/Editor/Data/Resources/UnitySubsystems
[Subsystems] Discovering subsystems at path C:/Users/Chris/Documents/GitHub/COMP394Game/Last Stand Undead/Assets
GfxDevice: creating device client; kGfxThreadingModeNonThreaded
Direct3D:
    Version:  Direct3D 11.0 [level 11.1]
    Renderer: NVIDIA GeForce RTX 3060 Laptop GPU (ID=0x2520)
    Vendor:   NVIDIA
    VRAM:     6023 MB
    Driver:   30.0.14.9717
Initialize mono
Mono path[0] = 'C:/Program Files/Unity/Hub/Editor/6000.0.29f1/Editor/Data/Managed'
Mono path[1] = 'C:/Program Files/Unity/Hub/Editor/6000.0.29f1/Editor/Data/MonoBleedingEdge/lib/mono/unityjit-win32'
Mono config path = 'C:/Program Files/Unity/Hub/Editor/6000.0.29f1/Editor/Data/MonoBleedingEdge/etc'
Using monoOptions --debugger-agent=transport=dt_socket,embedding=1,server=y,suspend=n,address=127.0.0.1:56064
Begin MonoManager ReloadAssembly
Registering precompiled unity dll's ...
Register platform support module: C:/Program Files/Unity/Hub/Editor/6000.0.29f1/Editor/Data/PlaybackEngines/WindowsStandaloneSupport/UnityEditor.WindowsStandalone.Extensions.dll
Registered in 0.008160 seconds.
- Loaded All Assemblies, in  0.749 seconds
Native extension for WindowsStandalone target not found
Mono: successfully reloaded assembly
- Finished resetting the current domain, in  0.703 seconds
Domain Reload Profiling: 1445ms
	BeginReloadAssembly (262ms)
		ExecutionOrderSort (0ms)
		DisableScriptedObjects (0ms)
		BackupInstance (0ms)
		ReleaseScriptingObjects (0ms)
		CreateAndSetChildDomain (2ms)
	RebuildCommonClasses (70ms)
	RebuildNativeTypeToScriptingClass (23ms)
	initialDomainReloadingComplete (92ms)
	LoadAllAssembliesAndSetupDomain (294ms)
		LoadAssemblies (250ms)
		RebuildTransferFunctionScriptingTraits (0ms)
		AnalyzeDomain (289ms)
			TypeCache.Refresh (287ms)
				TypeCache.ScanAssembly (262ms)
			BuildScriptInfoCaches (0ms)
			ResolveRequiredComponents (1ms)
	FinalizeReload (704ms)
		ReleaseScriptCaches (0ms)
		RebuildScriptCaches (0ms)
		SetupLoadedEditorAssemblies (644ms)
			LogAssemblyErrors (0ms)
			InitializePlatformSupportModulesInManaged (51ms)
			SetLoadedEditorAssemblies (9ms)
			BeforeProcessingInitializeOnLoad (11ms)
			ProcessInitializeOnLoadAttributes (424ms)
			ProcessInitializeOnLoadMethodAttributes (145ms)
			AfterProcessingInitializeOnLoad (4ms)
			EditorAssembliesLoaded (0ms)
		ExecutionOrderSort2 (0ms)
		AwakeInstancesAfterBackupRestoration (0ms)
========================================================================
Worker process is ready to serve import requests
Import Worker Mode flag is 0x00
Begin MonoManager ReloadAssembly
- Loaded All Assemblies, in  1.125 seconds
Refreshing native plugins compatible for Editor in 1.15 ms, found 2 plugins.
Native extension for WindowsStandalone target not found
Mono: successfully reloaded assembly
- Finished resetting the current domain, in  1.031 seconds
Domain Reload Profiling: 2145ms
	BeginReloadAssembly (389ms)
		ExecutionOrderSort (0ms)
		DisableScriptedObjects (12ms)
		BackupInstance (0ms)
		ReleaseScriptingObjects (0ms)
		CreateAndSetChildDomain (49ms)
	RebuildCommonClasses (86ms)
	RebuildNativeTypeToScriptingClass (29ms)
	initialDomainReloadingComplete (77ms)
	LoadAllAssembliesAndSetupDomain (532ms)
		LoadAssemblies (584ms)
		RebuildTransferFunctionScriptingTraits (0ms)
		AnalyzeDomain (208ms)
			TypeCache.Refresh (160ms)
				TypeCache.ScanAssembly (132ms)
			BuildScriptInfoCaches (38ms)
			ResolveRequiredComponents (6ms)
	FinalizeReload (1032ms)
		ReleaseScriptCaches (0ms)
		RebuildScriptCaches (0ms)
		SetupLoadedEditorAssemblies (846ms)
			LogAssemblyErrors (0ms)
			InitializePlatformSupportModulesInManaged (4ms)
			SetLoadedEditorAssemblies (5ms)
			BeforeProcessingInitializeOnLoad (63ms)
			ProcessInitializeOnLoadAttributes (706ms)
			ProcessInitializeOnLoadMethodAttributes (45ms)
			AfterProcessingInitializeOnLoad (21ms)
			EditorAssembliesLoaded (0ms)
		ExecutionOrderSort2 (0ms)
		AwakeInstancesAfterBackupRestoration (12ms)
Launched and connected shader compiler UnityShaderCompiler.exe after 0.02 seconds
Refreshing native plugins compatible for Editor in 1.66 ms, found 2 plugins.
Preloading 0 native plugins for Editor in 0.00 ms.
Unloading 8 Unused Serialized files (Serialized files now loaded: 0)
Unloading 1603 unused Assets / (0.7 MB). Loaded Objects now: 2095.
Memory consumption went from 67.4 MB to 66.7 MB.
Total: 9.579200 ms (FindLiveObjects: 0.502600 ms CreateObjectMapping: 0.334400 ms MarkObjects: 7.599400 ms  DeleteObjects: 1.141000 ms)

========================================================================
Received Import Request.
  Time since last request: 5598.018591 seconds.
  path: Assets/PolygonZombies/Prefabs/Zombie_Jacket_Female_01.prefab
  artifactKey: Guid(3c17e5f77af5ac54d991cf6c5d87082b) Importer(815301076,1909f56bfc062723c751e8b465ee728b)
Start importing Assets/PolygonZombies/Prefabs/Zombie_Jacket_Female_01.prefab using Guid(3c17e5f77af5ac54d991cf6c5d87082b) Importer(815301076,1909f56bfc062723c751e8b465ee728b) (PreviewImporter) -> (artifact id: '7b8a00e580abe21bfc4ecae0ed5eecf2') in 0.8239819 seconds
Number of updated asset objects reloaded before import = 0Number of asset objects unloaded after import = 310

========================================================================
Received Import Request.
  Time since last request: 0.000034 seconds.
  path: Assets/PolygonZombies/Prefabs/Zombie_Hobo_Male_01.prefab
  artifactKey: Guid(af43738424059df46a83c566c110013d) Importer(815301076,1909f56bfc062723c751e8b465ee728b)
Start importing Assets/PolygonZombies/Prefabs/Zombie_Hobo_Male_01.prefab using Guid(af43738424059df46a83c566c110013d) Importer(815301076,1909f56bfc062723c751e8b465ee728b) (PreviewImporter) -> (artifact id: 'e1a625efb163c26af597b48926bf1e3f') in 0.1332163 seconds
Number of updated asset objects reloaded before import = 0Number of asset objects unloaded after import = 310

========================================================================
Received Import Request.
  Time since last request: 0.000045 seconds.
  path: Assets/PolygonZombies/Prefabs/Zombie_Grandma_Female_01.prefab
  artifactKey: Guid(da241a1c1c2f4b344926c84ef25128ac) Importer(815301076,1909f56bfc062723c751e8b465ee728b)
Start importing Assets/PolygonZombies/Prefabs/Zombie_Grandma_Female_01.prefab using Guid(da241a1c1c2f4b344926c84ef25128ac) Importer(815301076,1909f56bfc062723c751e8b465ee728b) (PreviewImporter) -> (artifact id: 'da1219c53f579565998b8b0e58b19352') in 0.0933769 seconds
Number of updated asset objects reloaded before import = 0Number of asset objects unloaded after import = 310

========================================================================
Received Import Request.
  Time since last request: 0.000025 seconds.
  path: Assets/PolygonZombies/Prefabs/Zombie_Business_Female_01.prefab
  artifactKey: Guid(9acbd885df2760d41adcea6334790a96) Importer(815301076,1909f56bfc062723c751e8b465ee728b)
Start importing Assets/PolygonZombies/Prefabs/Zombie_Business_Female_01.prefab using Guid(9acbd885df2760d41adcea6334790a96) Importer(815301076,1909f56bfc062723c751e8b465ee728b) (PreviewImporter) -> (artifact id: 'f594555ddf8829626b848bfb0aee68b9') in 0.0839767 seconds
Number of updated asset objects reloaded before import = 0Number of asset objects unloaded after import = 310

========================================================================
Received Import Request.
  Time since last request: 0.000083 seconds.
  path: Assets/PolygonZombies/Prefabs/SM_Chr_Attach_Scissors_01.prefab
  artifactKey: Guid(b888ad6e3a394f942917fbd28e9ee678) Importer(815301076,1909f56bfc062723c751e8b465ee728b)
Start importing Assets/PolygonZombies/Prefabs/SM_Chr_Attach_Scissors_01.prefab using Guid(b888ad6e3a394f942917fbd28e9ee678) Importer(815301076,1909f56bfc062723c751e8b465ee728b) (PreviewImporter) -> (artifact id: '515053fdeec15d23cfe2f6b33912bd20') in 0.0579141 seconds
Number of updated asset objects reloaded before import = 0Number of asset objects unloaded after import = 11

========================================================================
Received Import Request.
  Time since last request: 0.000024 seconds.
  path: Assets/PolygonZombies/Prefabs/Zombie_Gangster_Male_01.prefab
  artifactKey: Guid(5090368b8e8213146ba1934c73da6149) Importer(815301076,1909f56bfc062723c751e8b465ee728b)
Start importing Assets/PolygonZombies/Prefabs/Zombie_Gangster_Male_01.prefab using Guid(5090368b8e8213146ba1934c73da6149) Importer(815301076,1909f56bfc062723c751e8b465ee728b) (PreviewImporter) -> (artifact id: '7ff4e8f5bb619aebcbf5067ff4819877') in 0.0938623 seconds
Number of updated asset objects reloaded before import = 0Number of asset objects unloaded after import = 310

========================================================================
Received Import Request.
  Time since last request: 0.000040 seconds.
  path: Assets/PolygonZombies/Prefabs/Zombie_Footballer_Male_01.prefab
  artifactKey: Guid(5de68a7f859a40a47bf17802c25007c3) Importer(815301076,1909f56bfc062723c751e8b465ee728b)
Start importing Assets/PolygonZombies/Prefabs/Zombie_Footballer_Male_01.prefab using Guid(5de68a7f859a40a47bf17802c25007c3) Importer(815301076,1909f56bfc062723c751e8b465ee728b) (PreviewImporter) -> (artifact id: 'a18aecb4d4aa322eb29d06241d6a3528') in 0.1330099 seconds
Number of updated asset objects reloaded before import = 0Number of asset objects unloaded after import = 310

========================================================================
Received Import Request.
  Time since last request: 0.000033 seconds.
  path: Assets/PolygonZombies/Prefabs/Zombie_Jacket_Male_01.prefab
  artifactKey: Guid(ff2cafa10adeb4b43ab64ebe754ad3d7) Importer(815301076,1909f56bfc062723c751e8b465ee728b)
Start importing Assets/PolygonZombies/Prefabs/Zombie_Jacket_Male_01.prefab using Guid(ff2cafa10adeb4b43ab64ebe754ad3d7) Importer(815301076,1909f56bfc062723c751e8b465ee728b) (PreviewImporter) -> (artifact id: 'ae1dd307ec3984588536a1924f9a7f16') in 0.1105367 seconds
Number of updated asset objects reloaded before import = 0Number of asset objects unloaded after import = 310

========================================================================
Received Import Request.
  Time since last request: 0.000053 seconds.
  path: Assets/PolygonZombies/Prefabs/Zombie_Father_Male_02.prefab
  artifactKey: Guid(d2d71fc434431f041b20cef2182d5c3e) Importer(815301076,1909f56bfc062723c751e8b465ee728b)
Start importing Assets/PolygonZombies/Prefabs/Zombie_Father_Male_02.prefab using Guid(d2d71fc434431f041b20cef2182d5c3e) Importer(815301076,1909f56bfc062723c751e8b465ee728b) (PreviewImporter) -> (artifact id: 'ac73e6a7c9a0bb090b419328dd6698a1') in 0.0943852 seconds
Number of updated asset objects reloaded before import = 0Number of asset objects unloaded after import = 310

========================================================================
Received Import Request.
  Time since last request: 0.000114 seconds.
  path: Assets/PolygonZombies/Prefabs/Zombie_Father_Male_01.prefab
  artifactKey: Guid(08eb0c5855619374381691dec1799669) Importer(815301076,1909f56bfc062723c751e8b465ee728b)
Start importing Assets/PolygonZombies/Prefabs/Zombie_Father_Male_01.prefab using Guid(08eb0c5855619374381691dec1799669) Importer(815301076,1909f56bfc062723c751e8b465ee728b) (PreviewImporter) -> (artifact id: 'f7120965e6d03dea9a771fa965e18b12') in 0.1059323 seconds
Number of updated asset objects reloaded before import = 0Number of asset objects unloaded after import = 310

========================================================================
Received Import Request.
  Time since last request: 0.000041 seconds.
  path: Assets/PolygonZombies/Prefabs/Zombie_Paramedic_Female_01.prefab
  artifactKey: Guid(8d862076c59fabf43b7ca2084f63226f) Importer(815301076,1909f56bfc062723c751e8b465ee728b)
Start importing Assets/PolygonZombies/Prefabs/Zombie_Paramedic_Female_01.prefab using Guid(8d862076c59fabf43b7ca2084f63226f) Importer(815301076,1909f56bfc062723c751e8b465ee728b) (PreviewImporter) -> (artifact id: 'fca9974e593e35d212d50c298f1c89c5') in 0.0900245 seconds
Number of updated asset objects reloaded before import = 0Number of asset objects unloaded after import = 310

========================================================================
Received Import Request.
  Time since last request: 0.000030 seconds.
  path: Assets/PolygonZombies/Prefabs/Zombie_Clown_Male_01.prefab
  artifactKey: Guid(bb116383f6f80bf4d90cb48aeca8e8bf) Importer(815301076,1909f56bfc062723c751e8b465ee728b)
Start importing Assets/PolygonZombies/Prefabs/Zombie_Clown_Male_01.prefab using Guid(bb116383f6f80bf4d90cb48aeca8e8bf) Importer(815301076,1909f56bfc062723c751e8b465ee728b) (PreviewImporter) -> (artifact id: 'b42ea8c091ddea77d8c0b42669a6b89c') in 0.1284021 seconds
Number of updated asset objects reloaded before import = 0Number of asset objects unloaded after import = 310

========================================================================
Received Import Request.
  Time since last request: 0.000052 seconds.
  path: Assets/PolygonZombies/Prefabs
  artifactKey: Guid(0b3bbad1452060f43be85b6c521f4584) Importer(815301076,1909f56bfc062723c751e8b465ee728b)
Start importing Assets/PolygonZombies/Prefabs using Guid(0b3bbad1452060f43be85b6c521f4584) Importer(815301076,1909f56bfc062723c751e8b465ee728b) (PreviewImporter) -> (artifact id: 'e158c572e459016aed1ca4623f0ef261') in 0.0026259 seconds
Number of updated asset objects reloaded before import = 0Number of asset objects unloaded after import = 0

========================================================================
Received Import Request.
  Time since last request: 0.000135 seconds.
  path: Assets/PolygonZombies/Prefabs/SM_Gib_UpperLeg_01.prefab
  artifactKey: Guid(8b3a8fcdb2f1dbd4a872a21170918f81) Importer(815301076,1909f56bfc062723c751e8b465ee728b)
Start importing Assets/PolygonZombies/Prefabs/SM_Gib_UpperLeg_01.prefab using Guid(8b3a8fcdb2f1dbd4a872a21170918f81) Importer(815301076,1909f56bfc062723c751e8b465ee728b) (PreviewImporter) -> (artifact id: '8a402a2bd5c65cef1c9600cf7457ad00') in 0.0730097 seconds
Number of updated asset objects reloaded before import = 0Number of asset objects unloaded after import = 11

========================================================================
Received Import Request.
  Time since last request: 0.000023 seconds.
  path: Assets/PolygonZombies/Prefabs/Zombie_BusinessShirt_Male_01.prefab
  artifactKey: Guid(645f5e2b8327af9439e12e9a4222c5c8) Importer(815301076,1909f56bfc062723c751e8b465ee728b)
Start importing Assets/PolygonZombies/Prefabs/Zombie_BusinessShirt_Male_01.prefab using Guid(645f5e2b8327af9439e12e9a4222c5c8) Importer(815301076,1909f56bfc062723c751e8b465ee728b) (PreviewImporter) -> (artifact id: '560596f99ffc8571167e52a984e4a34e') in 0.1067453 seconds
Number of updated asset objects reloaded before import = 0Number of asset objects unloaded after import = 310

========================================================================
Received Import Request.
  Time since last request: 0.000023 seconds.
  path: Assets/PolygonZombies/Prefabs/Zombie_Diver_Male_01.prefab
  artifactKey: Guid(c14250d47b6dfbd448ee47b3fd98d89f) Importer(815301076,1909f56bfc062723c751e8b465ee728b)
Start importing Assets/PolygonZombies/Prefabs/Zombie_Diver_Male_01.prefab using Guid(c14250d47b6dfbd448ee47b3fd98d89f) Importer(815301076,1909f56bfc062723c751e8b465ee728b) (PreviewImporter) -> (artifact id: '3ade4191d717d44cc313262776f37c9b') in 0.1113709 seconds
Number of updated asset objects reloaded before import = 0Number of asset objects unloaded after import = 310

========================================================================
Received Import Request.
  Time since last request: 0.000030 seconds.
  path: Assets/PolygonZombies/Prefabs/SM_Gib_LowerLeg_01.prefab
  artifactKey: Guid(f2f7a69296e6a1445a21e69fe29961c2) Importer(815301076,1909f56bfc062723c751e8b465ee728b)
Start importing Assets/PolygonZombies/Prefabs/SM_Gib_LowerLeg_01.prefab using Guid(f2f7a69296e6a1445a21e69fe29961c2) Importer(815301076,1909f56bfc062723c751e8b465ee728b) (PreviewImporter) -> (artifact id: '14a7602b17a351b7d4cef5e93cbd99b6') in 0.0709309 seconds
Number of updated asset objects reloaded before import = 0Number of asset objects unloaded after import = 11

========================================================================
Received Import Request.
  Time since last request: 0.000044 seconds.
  path: Assets/PolygonZombies/Prefabs/Zombie_Hoodie_Male_01.prefab
  artifactKey: Guid(15fa57f984877cc4f9acd0e63babc93e) Importer(815301076,1909f56bfc062723c751e8b465ee728b)
Start importing Assets/PolygonZombies/Prefabs/Zombie_Hoodie_Male_01.prefab using Guid(15fa57f984877cc4f9acd0e63babc93e) Importer(815301076,1909f56bfc062723c751e8b465ee728b) (PreviewImporter) -> (artifact id: 'ea89c706b5ef8937eddf77f8b472f619') in 0.099643 seconds
Number of updated asset objects reloaded before import = 0Number of asset objects unloaded after import = 310

========================================================================
Received Import Request.
  Time since last request: 0.000027 seconds.
  path: Assets/PolygonZombies/Prefabs/Zombie_Hipster_Female_01.prefab
  artifactKey: Guid(fe2234a2aed6c504ab0c225d7e1a1cc6) Importer(815301076,1909f56bfc062723c751e8b465ee728b)
Start importing Assets/PolygonZombies/Prefabs/Zombie_Hipster_Female_01.prefab using Guid(fe2234a2aed6c504ab0c225d7e1a1cc6) Importer(815301076,1909f56bfc062723c751e8b465ee728b) (PreviewImporter) -> (artifact id: 'b5f74b216d8dde5c54f6dd2af1febca9') in 0.0840419 seconds
Number of updated asset objects reloaded before import = 0Number of asset objects unloaded after import = 310

========================================================================
Received Import Request.
  Time since last request: 0.000045 seconds.
  path: Assets/PolygonZombies/Prefabs/Zombie_Police_Male_01.prefab
  artifactKey: Guid(ea757c1578e17134b85ac65be02c4b19) Importer(815301076,1909f56bfc062723c751e8b465ee728b)
Start importing Assets/PolygonZombies/Prefabs/Zombie_Police_Male_01.prefab using Guid(ea757c1578e17134b85ac65be02c4b19) Importer(815301076,1909f56bfc062723c751e8b465ee728b) (PreviewImporter) -> (artifact id: 'f5b87cce2d6f8d11864959073dbe5e8b') in 0.0990079 seconds
Number of updated asset objects reloaded before import = 0Number of asset objects unloaded after import = 310

========================================================================
Received Import Request.
  Time since last request: 0.000031 seconds.
  path: Assets/PolygonZombies/Prefabs/Zombie_Firefighter_Male_01.prefab
  artifactKey: Guid(7cb0205c5f7aeba45b91883f9425fcab) Importer(815301076,1909f56bfc062723c751e8b465ee728b)
Start importing Assets/PolygonZombies/Prefabs/Zombie_Firefighter_Male_01.prefab using Guid(7cb0205c5f7aeba45b91883f9425fcab) Importer(815301076,1909f56bfc062723c751e8b465ee728b) (PreviewImporter) -> (artifact id: '9e87fff04eeb2f9f2d32a4ae7904dada') in 0.1107658 seconds
Number of updated asset objects reloaded before import = 0Number of asset objects unloaded after import = 310

========================================================================
Received Import Request.
  Time since last request: 2.594810 seconds.
  path: Assets/PolygonZombies/Prefabs/Zombie_Punk_Male_01.prefab
  artifactKey: Guid(0439985487c8b4342909dcf09068091b) Importer(815301076,1909f56bfc062723c751e8b465ee728b)
Start importing Assets/PolygonZombies/Prefabs/Zombie_Punk_Male_01.prefab using Guid(0439985487c8b4342909dcf09068091b) Importer(815301076,1909f56bfc062723c751e8b465ee728b) (PreviewImporter) -> (artifact id: 'cd9d36f678251f8bed7f81704a09d7d8') in 0.0961391 seconds
Number of updated asset objects reloaded before import = 0Number of asset objects unloaded after import = 310

========================================================================
Received Import Request.
  Time since last request: 0.000091 seconds.
  path: Assets/PolygonZombies/Prefabs/Zombie_Roadworker_Male_01.prefab
  artifactKey: Guid(478b9cfcbcdb7284bbea515d7f42ea18) Importer(815301076,1909f56bfc062723c751e8b465ee728b)
Start importing Assets/PolygonZombies/Prefabs/Zombie_Roadworker_Male_01.prefab using Guid(478b9cfcbcdb7284bbea515d7f42ea18) Importer(815301076,1909f56bfc062723c751e8b465ee728b) (PreviewImporter) -> (artifact id: '42bae1e5eff84811adb82e6b116224a2') in 0.0927351 seconds
Number of updated asset objects reloaded before import = 0Number of asset objects unloaded after import = 310

========================================================================
Received Import Request.
  Time since last request: 0.000039 seconds.
  path: Assets/PolygonZombies/Prefabs/Zombie_Son_Male_01.prefab
  artifactKey: Guid(e0e167f92e65a254da5ef2b62ad5e710) Importer(815301076,1909f56bfc062723c751e8b465ee728b)
Start importing Assets/PolygonZombies/Prefabs/Zombie_Son_Male_01.prefab using Guid(e0e167f92e65a254da5ef2b62ad5e710) Importer(815301076,1909f56bfc062723c751e8b465ee728b) (PreviewImporter) -> (artifact id: '4ce327f6a945e4502f0e7702c18ecd89') in 0.0800115 seconds
Number of updated asset objects reloaded before import = 0Number of asset objects unloaded after import = 310

========================================================================
Received Import Request.
  Time since last request: 0.000039 seconds.
  path: Assets/PolygonZombies/Prefabs/Zombie_ShopKeeper_Male_01.prefab
  artifactKey: Guid(99ea6e59b7824a449888100eea3984a3) Importer(815301076,1909f56bfc062723c751e8b465ee728b)
Start importing Assets/PolygonZombies/Prefabs/Zombie_ShopKeeper_Male_01.prefab using Guid(99ea6e59b7824a449888100eea3984a3) Importer(815301076,1909f56bfc062723c751e8b465ee728b) (PreviewImporter) -> (artifact id: '1bc89a6cde86952a2b7cf03ad96ae05c') in 0.0911056 seconds
Number of updated asset objects reloaded before import = 0Number of asset objects unloaded after import = 310

Editor requested this worker to shutdown with reason: Scaling down because of idle timeout
AssetImportWorker is now disconnected from the server
Process exiting
Exiting without the bug reporter. Application will terminate with return code 0